2022-Aug-04 11:03:02 [main] INFO  o.s.b.t.c.SpringBootTestContextBootstrapper        - Neither @ContextConfiguration nor @ContextHierarchy found for test class [com.java.BSE.BseApplicationTests], using SpringBootContextLoader
2022-Aug-04 11:03:02 [main] INFO  o.s.t.c.s.AbstractContextLoader                    - Could not detect default resource locations for test class [com.java.BSE.BseApplicationTests]: no resource found for suffixes {-context.xml, Context.groovy}.
2022-Aug-04 11:03:02 [main] INFO  o.s.t.c.s.AnnotationConfigContextLoaderUtils       - Could not detect default configuration classes for test class [com.java.BSE.BseApplicationTests]: BseApplicationTests does not declare any static, non-private, non-final, nested classes annotated with @Configuration.
2022-Aug-04 11:03:02 [main] INFO  o.s.b.t.c.SpringBootTestContextBootstrapper        - Found @SpringBootConfiguration com.java.BSE.BseApplication for test class com.java.BSE.BseApplicationTests
2022-Aug-04 11:03:02 [main] INFO  o.s.b.t.c.SpringBootTestContextBootstrapper        - Loaded default TestExecutionListener class names from location [META-INF/spring.factories]: [org.springframework.boot.test.mock.mockito.MockitoTestExecutionListener, org.springframework.boot.test.mock.mockito.ResetMocksTestExecutionListener, org.springframework.boot.test.autoconfigure.restdocs.RestDocsTestExecutionListener, org.springframework.boot.test.autoconfigure.web.client.MockRestServiceServerResetTestExecutionListener, org.springframework.boot.test.autoconfigure.web.servlet.MockMvcPrintOnlyOnFailureTestExecutionListener, org.springframework.boot.test.autoconfigure.web.servlet.WebDriverTestExecutionListener, org.springframework.boot.test.autoconfigure.webservices.client.MockWebServiceServerTestExecutionListener, org.springframework.test.context.web.ServletTestExecutionListener, org.springframework.test.context.support.DirtiesContextBeforeModesTestExecutionListener, org.springframework.test.context.event.ApplicationEventsTestExecutionListener, org.springframework.test.context.support.DependencyInjectionTestExecutionListener, org.springframework.test.context.support.DirtiesContextTestExecutionListener, org.springframework.test.context.transaction.TransactionalTestExecutionListener, org.springframework.test.context.jdbc.SqlScriptsTestExecutionListener, org.springframework.test.context.event.EventPublishingTestExecutionListener]
2022-Aug-04 11:03:02 [main] INFO  o.s.b.t.c.SpringBootTestContextBootstrapper        - Using TestExecutionListeners: [org.springframework.test.context.web.ServletTestExecutionListener@5d8445d7, org.springframework.test.context.support.DirtiesContextBeforeModesTestExecutionListener@37d80fe7, org.springframework.test.context.event.ApplicationEventsTestExecutionListener@384fc774, org.springframework.boot.test.mock.mockito.MockitoTestExecutionListener@e3cee7b, org.springframework.boot.test.autoconfigure.SpringBootDependencyInjectionTestExecutionListener@71e9a896, org.springframework.test.context.support.DirtiesContextTestExecutionListener@6b9267b, org.springframework.test.context.transaction.TransactionalTestExecutionListener@408b35bf, org.springframework.test.context.jdbc.SqlScriptsTestExecutionListener@29ad44e3, org.springframework.test.context.event.EventPublishingTestExecutionListener@15bcf458, org.springframework.boot.test.mock.mockito.ResetMocksTestExecutionListener@5af9926a, org.springframework.boot.test.autoconfigure.restdocs.RestDocsTestExecutionListener@43c67247, org.springframework.boot.test.autoconfigure.web.client.MockRestServiceServerResetTestExecutionListener@fac80, org.springframework.boot.test.autoconfigure.web.servlet.MockMvcPrintOnlyOnFailureTestExecutionListener@726386ed, org.springframework.boot.test.autoconfigure.web.servlet.WebDriverTestExecutionListener@649f2009, org.springframework.boot.test.autoconfigure.webservices.client.MockWebServiceServerTestExecutionListener@14bb2297]
2022-Aug-04 11:03:03 [main] INFO  c.j.B.BseApplicationTests                          - Starting BseApplicationTests using Java 15.0.2 on Aayush with PID 10076 (started by HP in D:\Luxoft\BSE)
2022-Aug-04 11:03:03 [main] INFO  c.j.B.BseApplicationTests                          - No active profile set, falling back to 1 default profile: "default"
2022-Aug-04 11:03:06 [main] INFO  o.s.d.r.c.RepositoryConfigurationDelegate          - Bootstrapping Spring Data JPA repositories in DEFAULT mode.
2022-Aug-04 11:03:06 [main] INFO  o.s.d.r.c.RepositoryConfigurationDelegate          - Finished Spring Data repository scanning in 133 ms. Found 4 JPA repository interfaces.
2022-Aug-04 11:03:08 [main] INFO  o.h.j.i.u.LogHelper                                - HHH000204: Processing PersistenceUnitInfo [name: default]
2022-Aug-04 11:03:08 [main] INFO  o.h.Version                                        - HHH000412: Hibernate ORM core version 5.6.10.Final
2022-Aug-04 11:03:09 [main] INFO  o.h.a.c.Version                                    - HCANN000001: Hibernate Commons Annotations {5.1.2.Final}
2022-Aug-04 11:03:09 [main] INFO  c.z.h.HikariDataSource                             - HikariPool-1 - Starting...
2022-Aug-04 11:03:09 [main] INFO  c.z.h.HikariDataSource                             - HikariPool-1 - Start completed.
2022-Aug-04 11:03:10 [main] INFO  o.h.d.Dialect                                      - HHH000400: Using dialect: org.hibernate.dialect.MySQL8Dialect
2022-Aug-04 11:03:11 [main] INFO  o.h.e.t.j.p.i.JtaPlatformInitiator                 - HHH000490: Using JtaPlatform implementation: [org.hibernate.engine.transaction.jta.platform.internal.NoJtaPlatform]
2022-Aug-04 11:03:11 [main] INFO  o.s.o.j.LocalContainerEntityManagerFactoryBean     - Initialized JPA EntityManagerFactory for persistence unit 'default'
2022-Aug-04 11:03:13 [main] WARN  o.s.b.a.o.j.JpaBaseConfiguration$JpaWebConfiguration - spring.jpa.open-in-view is enabled by default. Therefore, database queries may be performed during view rendering. Explicitly configure spring.jpa.open-in-view to disable this warning
2022-Aug-04 11:03:15 [main] INFO  s.d.s.w.PropertySourcedRequestMappingHandlerMapping - Mapped URL path [/v2/api-docs] onto method [springfox.documentation.swagger2.web.Swagger2Controller#getDocumentation(String, HttpServletRequest)]
2022-Aug-04 11:03:16 [main] WARN  o.s.s.c.a.w.b.WebSecurity                          - You are asking Spring Security to ignore Mvc [pattern='/**', OPTIONS]. This is not recommended -- please use permitAll via HttpSecurity#authorizeHttpRequests instead.
2022-Aug-04 11:03:16 [main] INFO  o.s.s.w.DefaultSecurityFilterChain                 - Will not secure Mvc [pattern='/**', OPTIONS]
2022-Aug-04 11:03:16 [main] WARN  o.s.s.c.a.w.b.WebSecurity                          - You are asking Spring Security to ignore Mvc [pattern='/swagger-ui.html/**']. This is not recommended -- please use permitAll via HttpSecurity#authorizeHttpRequests instead.
2022-Aug-04 11:03:16 [main] INFO  o.s.s.w.DefaultSecurityFilterChain                 - Will not secure Mvc [pattern='/swagger-ui.html/**']
2022-Aug-04 11:03:16 [main] WARN  o.s.s.c.a.w.b.WebSecurity                          - You are asking Spring Security to ignore Mvc [pattern='/configuration/**']. This is not recommended -- please use permitAll via HttpSecurity#authorizeHttpRequests instead.
2022-Aug-04 11:03:16 [main] INFO  o.s.s.w.DefaultSecurityFilterChain                 - Will not secure Mvc [pattern='/configuration/**']
2022-Aug-04 11:03:16 [main] WARN  o.s.s.c.a.w.b.WebSecurity                          - You are asking Spring Security to ignore Mvc [pattern='/swagger-resources/**']. This is not recommended -- please use permitAll via HttpSecurity#authorizeHttpRequests instead.
2022-Aug-04 11:03:16 [main] INFO  o.s.s.w.DefaultSecurityFilterChain                 - Will not secure Mvc [pattern='/swagger-resources/**']
2022-Aug-04 11:03:16 [main] WARN  o.s.s.c.a.w.b.WebSecurity                          - You are asking Spring Security to ignore Mvc [pattern='/v2/api-docs']. This is not recommended -- please use permitAll via HttpSecurity#authorizeHttpRequests instead.
2022-Aug-04 11:03:16 [main] INFO  o.s.s.w.DefaultSecurityFilterChain                 - Will not secure Mvc [pattern='/v2/api-docs']
2022-Aug-04 11:03:16 [main] WARN  o.s.s.c.a.w.b.WebSecurity                          - You are asking Spring Security to ignore Mvc [pattern='/webjars/**']. This is not recommended -- please use permitAll via HttpSecurity#authorizeHttpRequests instead.
2022-Aug-04 11:03:16 [main] INFO  o.s.s.w.DefaultSecurityFilterChain                 - Will not secure Mvc [pattern='/webjars/**']
2022-Aug-04 11:03:16 [main] INFO  o.s.s.w.DefaultSecurityFilterChain                 - Will secure any request with [org.springframework.security.web.session.DisableEncodeUrlFilter@771b2b5b, org.springframework.security.web.context.request.async.WebAsyncManagerIntegrationFilter@1aa64998, org.springframework.security.web.context.SecurityContextPersistenceFilter@5578ed7e, org.springframework.security.web.header.HeaderWriterFilter@20ee660b, org.springframework.web.filter.CorsFilter@571b4bf6, org.springframework.security.web.authentication.logout.LogoutFilter@3c3357c7, com.java.BSE.config.JwtRequestFilter@6dc7b7f, org.springframework.security.web.savedrequest.RequestCacheAwareFilter@e594c46, org.springframework.security.web.servletapi.SecurityContextHolderAwareRequestFilter@38276668, org.springframework.security.web.authentication.AnonymousAuthenticationFilter@24ffe853, org.springframework.security.web.session.SessionManagementFilter@58fbecde, org.springframework.security.web.access.ExceptionTranslationFilter@37806ccb, org.springframework.security.web.access.intercept.FilterSecurityInterceptor@40874f54]
2022-Aug-04 11:03:17 [main] INFO  s.d.s.w.p.DocumentationPluginsBootstrapper         - Context refreshed
2022-Aug-04 11:03:17 [main] INFO  s.d.s.w.p.DocumentationPluginsBootstrapper         - Found 1 custom documentation plugin(s)
2022-Aug-04 11:03:17 [main] INFO  s.d.s.w.s.ApiListingReferenceScanner               - Scanning for api listing references
2022-Aug-04 11:03:18 [main] INFO  c.j.B.BseApplicationTests                          - Started BseApplicationTests in 15.662 seconds (JVM running for 19.6)
2022-Aug-04 11:03:19 [SpringApplicationShutdownHook] INFO  o.s.o.j.LocalContainerEntityManagerFactoryBean     - Closing JPA EntityManagerFactory for persistence unit 'default'
2022-Aug-04 11:03:19 [SpringApplicationShutdownHook] INFO  c.z.h.HikariDataSource                             - HikariPool-1 - Shutdown initiated...
2022-Aug-04 11:03:19 [SpringApplicationShutdownHook] INFO  c.z.h.HikariDataSource                             - HikariPool-1 - Shutdown completed.
2022-Aug-06 13:56:21 [main] INFO  c.j.B.s.BookServiceImpl                            - Inside findAll Book method
2022-Aug-06 15:18:36 [main] INFO  c.j.B.s.BookServiceImpl                            - Inside findById for Book id : 1
2022-Aug-06 15:19:03 [main] INFO  c.j.B.s.BookServiceImpl                            - Inside findById for Book id : 1
2022-Aug-06 15:19:43 [main] INFO  c.j.B.s.BookServiceImpl                            - Inside findById for Book id : 1
2022-Aug-06 15:20:37 [main] INFO  c.j.B.s.BookServiceImpl                            - Inside findById for Book id : 4
2022-Aug-06 15:22:14 [main] INFO  c.j.B.s.BookServiceImpl                            - Inside findById for Book id : 1
2022-Aug-06 15:29:20 [main] INFO  c.j.B.s.BookServiceImpl                            - Inside findById for Book id : 1
2022-Aug-06 20:41:11 [main] INFO  c.j.B.s.BookServiceImpl                            - Inside addBook with book as : BookDTO(bookId=4, title=Hoola Hoo, year=1896, genre=Adventure, authorId=1)
2022-Aug-06 20:43:22 [main] INFO  c.j.B.s.BookServiceImpl                            - Inside addBook with book as : BookDTO(bookId=4, title=Hoola Hoo, year=1896, genre=Adventure, authorId=1)
2022-Aug-06 20:47:54 [main] INFO  c.j.B.s.BookServiceImpl                            - Inside addBook with book as : BookDTO(bookId=4, title=Hoola Hoo, year=1896, genre=Adventure, authorId=1)
2022-Aug-06 20:50:11 [main] INFO  c.j.B.s.BookServiceImpl                            - Inside addBook with book as : BookDTO(bookId=4, title=Hoola Hoo, year=1896, genre=Adventure, authorId=1)
2022-Aug-06 21:03:50 [main] INFO  c.j.B.s.BookServiceImpl                            - Inside addBook with book as : BookDTO(bookId=4, title=HoolaHoo, year=1896, genre=Adventure, authorId=1)
2022-Aug-07 11:58:11 [main] INFO  c.j.B.s.BookServiceImpl                            - Inside addBook with book as : BookDTO(bookId=4, title=HoolaHoo, year=1896, genre=Adventure, authorId=1)
2022-Aug-07 12:03:31 [main] INFO  c.j.B.s.BookServiceImpl                            - Inside addBook with book as : BookDTO(bookId=4, title=HoolaHoo, year=1896, genre=Adventure, authorId=1)
2022-Aug-08 10:34:21 [main] INFO  c.j.B.s.BookServiceImpl                            - Inside addBook with book as : BookDTO(bookId=4, title=HoolaHoo, year=1896, genre=Adventure, authorId=1)
2022-Aug-08 11:25:14 [main] INFO  c.j.B.s.BookServiceImpl                            - Inside addBook with book as : BookDTO(bookId=4, title=HoolaHoo, year=1896, genre=Adventure, authorId=1)
2022-Aug-08 11:31:54 [main] INFO  c.j.B.s.BookServiceImpl                            - Inside addBook with book as : BookDTO(bookId=4, title=HoolaHoo, year=1896, genre=Adventure, authorId=1)
2022-Aug-08 11:39:23 [main] INFO  c.j.B.s.BookServiceImpl                            - Inside addBook with book as : BookDTO(bookId=4, title=HoolaHoo, year=1896, genre=Adventure, authorId=1)
2022-Aug-08 11:39:23 [main] DEBUG c.j.B.s.BookServiceImpl                            - Book saved Successfully : Book(bookId=4, title=HoolaHoo, year=1896, genre=Adventure, author=Author(authorId=1, bookList=null, comics=null, authorName=Shubham))
2022-Aug-08 11:42:47 [main] INFO  c.j.B.s.BookServiceImpl                            - Inside addBook with book as : BookDTO(bookId=4, title=HoolaHoo, year=1896, genre=Adventure, authorId=1)
2022-Aug-08 11:42:47 [main] DEBUG c.j.B.s.BookServiceImpl                            - Book saved Successfully : Book(bookId=4, title=HoolaHoo, year=1896, genre=Adventure, author=Author(authorId=1, bookList=null, comics=null, authorName=Shubham))
2022-Aug-08 13:13:20 [main] INFO  c.j.B.s.BookServiceImpl                            - Inside addBook with book as : BookDTO(bookId=4, title=HoolaHoo, year=1896, genre=Adventure, authorId=1)
2022-Aug-08 13:13:20 [main] DEBUG c.j.B.s.BookServiceImpl                            - Book saved Successfully : Book(bookId=4, title=HoolaHoo, year=1896, genre=Adventure, author=Author(authorId=1, bookList=null, comics=null, authorName=Shubham))
